-------------------------------------
1/2/2010 4:00:10 AM: ERROR: There are 89 errors.
-------------------------------------

-------------------------------------
1/3/2010 4:00:21 AM: ERROR: There are 98 errors.
-------------------------------------

-------------------------------------
1/3/2010 7:43:33 PM: INFO: Started crawl with http://localhost:18228/Daemon/CrawlAll/avilayparekh
-------------------------------------

-------------------------------------
1/4/2010 4:00:11 AM: ERROR: There are 106 errors.
-------------------------------------

-------------------------------------
1/4/2010 2:43:29 PM: INFO: Started crawl with http://localhost:18228/Daemon/CrawlAll/avilayparekh
-------------------------------------

-------------------------------------
1/5/2010 2:01:31 PM: INFO: Started crawl with http://localhost:18228/Daemon/CrawlAll/avilayparekh
-------------------------------------

-------------------------------------
1/5/2010 2:04:17 PM: INFO: Started crawl with http://localhost:18228/Daemon/CrawlAll/avilayparekh
-------------------------------------

-------------------------------------
1/5/2010 2:10:23 PM: INFO: Started Learn with http://localhost:18228/Daemon/LearnAll/avilayparekh
-------------------------------------

-------------------------------------
1/6/2010 9:07:00 AM: INFO: Deleted existing data in local db
-------------------------------------

-------------------------------------
1/6/2010 9:07:13 AM: INFO: Copy from source db to local db complete
-------------------------------------

-------------------------------------
1/6/2010 9:07:13 AM: INFO: Copy to local db complete
-------------------------------------

-------------------------------------
1/6/2010 9:09:19 AM: INFO: Deleted existing data in local db
-------------------------------------

-------------------------------------
1/6/2010 9:09:30 AM: INFO: Copy from source db to local db complete
-------------------------------------

-------------------------------------
1/6/2010 9:09:30 AM: INFO: Copy to local db complete
-------------------------------------

-------------------------------------
1/6/2010 9:09:39 AM: INFO: Backup of local db complete. 10 percent processed.
20 percent processed.
30 percent processed.
40 percent processed.
50 percent processed.
60 percent processed.
70 percent processed.
80 percent processed.
90 percent processed.
Processed 8080 pages for database 'CopyOfSnapdragon', file 'CopyOfSnapdragon' on file 1.
100 percent processed.
Processed 2 pages for database 'CopyOfSnapdragon', file 'CopyOfSnapdragon_log' on file 1.
BACKUP DATABASE successfully processed 8082 pages in 7.244 seconds (9.139 MB/sec).

-------------------------------------

-------------------------------------
1/6/2010 9:09:39 AM: INFO: BEFORE DELETE: aspnet_Applications: 64
aspnet_Users: 48
aspnet_Membership: 48
aspnet_SchemaVersions: 16
UserHistory: 16
Classification: 16
Prior: 16
Vocabulary: 528
UserVocabulary: 296
Probability: 280
Stopword: 32
Feed: 64
UserFeed: 16
Item: 41032
UserItem: 1160
Category: 16
Log: 16800
CategoryLog: 392
TOTAL USED: 62640
RESERVED: 63856
UNUSED: 1216

-------------------------------------

-------------------------------------
1/6/2010 9:09:42 AM: INFO: Deleted 0 number of rows from Snapdragon
-------------------------------------

-------------------------------------
1/6/2010 9:09:45 AM: INFO: Deleted 13572 number of rows from Logs
-------------------------------------

-------------------------------------
1/6/2010 9:09:45 AM: INFO: AFTER DELETE: aspnet_Applications: 64
aspnet_Users: 48
aspnet_Membership: 48
aspnet_SchemaVersions: 16
UserHistory: 16
Classification: 16
Prior: 16
Vocabulary: 528
UserVocabulary: 296
Probability: 280
Stopword: 32
Feed: 64
UserFeed: 16
Item: 41032
UserItem: 1160
Category: 16
Log: 11104
CategoryLog: 216
TOTAL USED: 56768
RESERVED: 58232
UNUSED: 1464

-------------------------------------

-------------------------------------
1/6/2010 9:09:51 AM: INFO: Total space used is 56768 KB
-------------------------------------

-------------------------------------
1/6/2010 9:12:11 AM: INFO: Deleted existing data in local db
-------------------------------------

-------------------------------------
1/6/2010 9:12:20 AM: INFO: Copy from source db to local db complete
-------------------------------------

-------------------------------------
1/6/2010 9:12:20 AM: INFO: Copy to local db complete
-------------------------------------

-------------------------------------
1/6/2010 9:12:25 AM: INFO: Backup of local db complete. 10 percent processed.
20 percent processed.
30 percent processed.
40 percent processed.
50 percent processed.
60 percent processed.
70 percent processed.
80 percent processed.
90 percent processed.
Processed 6608 pages for database 'CopyOfSnapdragon', file 'CopyOfSnapdragon' on file 1.
100 percent processed.
Processed 6 pages for database 'CopyOfSnapdragon', file 'CopyOfSnapdragon_log' on file 1.
BACKUP DATABASE successfully processed 6614 pages in 4.421 seconds (12.254 MB/sec).

-------------------------------------

-------------------------------------
1/6/2010 9:12:25 AM: INFO: BEFORE DELETE: aspnet_Applications: 64
aspnet_Users: 48
aspnet_Membership: 48
aspnet_SchemaVersions: 16
UserHistory: 16
Classification: 16
Prior: 16
Vocabulary: 528
UserVocabulary: 296
Probability: 280
Stopword: 32
Feed: 64
UserFeed: 16
Item: 41032
UserItem: 1160
Category: 16
Log: 5552
CategoryLog: 176
TOTAL USED: 51176
RESERVED: 52640
UNUSED: 1464

-------------------------------------

-------------------------------------
1/6/2010 9:12:27 AM: INFO: Deleted 0 number of rows from Snapdragon
-------------------------------------

-------------------------------------
1/6/2010 9:12:27 AM: INFO: Deleted 0 number of rows from Logs
-------------------------------------

-------------------------------------
1/6/2010 9:12:27 AM: INFO: AFTER DELETE: aspnet_Applications: 64
aspnet_Users: 48
aspnet_Membership: 48
aspnet_SchemaVersions: 16
UserHistory: 16
Classification: 16
Prior: 16
Vocabulary: 528
UserVocabulary: 296
Probability: 280
Stopword: 32
Feed: 64
UserFeed: 16
Item: 41032
UserItem: 1160
Category: 16
Log: 5552
CategoryLog: 176
TOTAL USED: 51176
RESERVED: 52640
UNUSED: 1464

-------------------------------------

-------------------------------------
1/7/2010 11:40:58 AM: INFO: Deleted existing data in local db
-------------------------------------

-------------------------------------
1/7/2010 11:41:19 AM: INFO: Copy from source db to local db complete
-------------------------------------

